Basic channel:
You say: "Boring! 0"
You say: "Boring! 1"
You say: "Boring! 2"
Sending Channels:
Chan1: "Srvc1 0"
Chan2: "Srvc2 0"
Chan1: "Srvc1 1"
Chan2: "Srvc2 1"
Chan1: "Srvc1 2"
Chan2: "Srvc2 2"
Chan1: "Srvc1 3"
Chan2: "Srvc2 3"
Chan1: "Srvc1 4"
Chan2: "Srvc2 4"
Chan1: "Srvc1 5"
Chan2: "Srvc2 5"
Using FanIn:
Fn1_Srvc1 0
Fn1_Srvc0 0
Fn1_Srvc0 1
Fn1_Srvc1 1
Fn1_Srvc1 2
Fn1_Srvc1 3
Fn1_Srvc0 2
Fn1_Srvc1 4
Fn1_Srvc0 3
Fn1_Srvc0 4
Using Select with FanIn 2:
Fn2_Srvc2 0
Fn2_Srvc3 0
Fn2_Srvc3 1
Fn2_Srvc3 2
Fn2_Srvc3 3
Fn2_Srvc2 1
Fn2_Srvc3 4
Fn2_Srvc2 2
Fn2_Srvc2 3
Fn2_Srvc3 5
Main exits...
Version: 0.0.0  Univrs.io
Current time: 2018-03-24 19:43:19.245109512 +0000 UTC m=+6.253303183
